<?xml version="1.0" encoding="UTF-8"?>
<!-- Generated by org.testng.reporters.JUnitXMLReporter -->
<testsuite hostname="Mac-mini.local" ignored="0" name="Command line test" tests="1" failures="0" timestamp="04 Sep 2020 09:29:17 GMT" time="0.008" errors="0">
  <testcase name="verifyContextWasAutowired" time="0.0" classname="org.springframework.test.context.cache.ClassLevelDirtiesContextTestNGTests$ClassLevelDirtiesContextWithCleanMethodsAndAfterClassModeTestCase"/>
</testsuite> <!-- Command line test -->
